ordering started!!!
ordering training!
[nltk_data] Downloading package punkt to /home/cosuji/nltk_data...
[nltk_data]   Package punkt is already up-to-date!
Traceback (most recent call last):
  File "/spinning/cosuji/NLG_Exp/gem/jobs/../main.py", line 94, in <module>
    trainer.train()
  File "/spinning/cosuji/NLG_Exp/gem/training.py", line 51, in train
    raise TypeError("Unexpected input format. Expected list or tuple.")
TypeError: Unexpected input format. Expected list or tuple.
ordering finished!!!
structuring started!!!
structuring training!
[nltk_data] Downloading package punkt to /home/cosuji/nltk_data...
[nltk_data]   Package punkt is already up-to-date!
Traceback (most recent call last):
  File "/spinning/cosuji/NLG_Exp/gem/jobs/../main.py", line 94, in <module>
    trainer.train()
  File "/spinning/cosuji/NLG_Exp/gem/training.py", line 51, in train
    raise TypeError("Unexpected input format. Expected list or tuple.")
TypeError: Unexpected input format. Expected list or tuple.
structuring finished!!!
