ordering started!!!
ordering training!
[nltk_data] Downloading package punkt to /home/cosuji/nltk_data...
[nltk_data]   Package punkt is already up-to-date!
Traceback (most recent call last):
  File "/spinning/cosuji/NLG_Exp/gem/jobs/../main.py", line 94, in <module>
    trainer.train()
  File "/spinning/cosuji/NLG_Exp/gem/training.py", line 45, in train
    for batch_idx, inputs in enumerate(self.trainloader):
  File "/home/cosuji/anaconda3/envs/ntorch/lib/python3.9/site-packages/torch/utils/data/dataloader.py", line 681, in __next__
    data = self._next_data()
  File "/home/cosuji/anaconda3/envs/ntorch/lib/python3.9/site-packages/torch/utils/data/dataloader.py", line 721, in _next_data
    data = self._dataset_fetcher.fetch(index)  # may raise StopIteration
  File "/home/cosuji/anaconda3/envs/ntorch/lib/python3.9/site-packages/torch/utils/data/_utils/fetch.py", line 52, in fetch
    return self.collate_fn(data)
  File "/home/cosuji/anaconda3/envs/ntorch/lib/python3.9/site-packages/torch/utils/data/_utils/collate.py", line 160, in default_collate
    return elem_type({key: default_collate([d[key] for d in batch]) for key in elem})
  File "/home/cosuji/anaconda3/envs/ntorch/lib/python3.9/site-packages/torch/utils/data/_utils/collate.py", line 160, in <dictcomp>
    return elem_type({key: default_collate([d[key] for d in batch]) for key in elem})
  File "/home/cosuji/anaconda3/envs/ntorch/lib/python3.9/site-packages/torch/utils/data/_utils/collate.py", line 171, in default_collate
    raise RuntimeError('each element in list of batch should be of equal size')
RuntimeError: each element in list of batch should be of equal size
ordering finished!!!
structuring started!!!
structuring training!
[nltk_data] Downloading package punkt to /home/cosuji/nltk_data...
[nltk_data]   Package punkt is already up-to-date!
Traceback (most recent call last):
  File "/spinning/cosuji/NLG_Exp/gem/jobs/../main.py", line 94, in <module>
    trainer.train()
  File "/spinning/cosuji/NLG_Exp/gem/training.py", line 45, in train
    for batch_idx, inputs in enumerate(self.trainloader):
  File "/home/cosuji/anaconda3/envs/ntorch/lib/python3.9/site-packages/torch/utils/data/dataloader.py", line 681, in __next__
    data = self._next_data()
  File "/home/cosuji/anaconda3/envs/ntorch/lib/python3.9/site-packages/torch/utils/data/dataloader.py", line 721, in _next_data
    data = self._dataset_fetcher.fetch(index)  # may raise StopIteration
  File "/home/cosuji/anaconda3/envs/ntorch/lib/python3.9/site-packages/torch/utils/data/_utils/fetch.py", line 52, in fetch
    return self.collate_fn(data)
  File "/home/cosuji/anaconda3/envs/ntorch/lib/python3.9/site-packages/torch/utils/data/_utils/collate.py", line 160, in default_collate
    return elem_type({key: default_collate([d[key] for d in batch]) for key in elem})
  File "/home/cosuji/anaconda3/envs/ntorch/lib/python3.9/site-packages/torch/utils/data/_utils/collate.py", line 160, in <dictcomp>
    return elem_type({key: default_collate([d[key] for d in batch]) for key in elem})
  File "/home/cosuji/anaconda3/envs/ntorch/lib/python3.9/site-packages/torch/utils/data/_utils/collate.py", line 171, in default_collate
    raise RuntimeError('each element in list of batch should be of equal size')
RuntimeError: each element in list of batch should be of equal size
structuring finished!!!
